<?xml version="1.0" encoding="UTF-8"?>
<testng-results ignored="0" total="1" passed="1" failed="0" skipped="0">
  <reporter-output>
  </reporter-output>
  <suite started-at="2026-09-17T10:05:50 IST" name="Default suite" finished-at="2026-09-17T10:05:59 IST" duration-ms="9071">
    <groups>
    </groups>
    <test started-at="2026-09-17T10:05:50 IST" name="Default test" finished-at="2026-09-17T10:05:59 IST" duration-ms="9071">
      <class name="com.CarTrawlers.TestCases.LoginCarTrawlersTest">
        <test-method is-config="true" signature="setUp()[pri:0, instance:com.CarTrawlers.TestCases.LoginCarTrawlersTest@6933b6c6]" started-at="2026-09-17T10:05:50 IST" name="setUp" finished-at="2026-09-17T10:05:58 IST" duration-ms="7859" status="PASS">
          <reporter-output>
          </reporter-output>
        </test-method> <!-- setUp -->
        <test-method signature="loginTest()[pri:0, instance:com.CarTrawlers.TestCases.LoginCarTrawlersTest@6933b6c6]" started-at="2026-09-17T10:05:58 IST" name="loginTest" finished-at="2026-09-17T10:05:59 IST" duration-ms="667" status="PASS">
          <reporter-output>
          </reporter-output>
        </test-method> <!-- loginTest -->
        <test-method is-config="true" signature="tearDown()[pri:0, instance:com.CarTrawlers.TestCases.LoginCarTrawlersTest@6933b6c6]" started-at="2026-09-17T10:05:59 IST" name="tearDown" finished-at="2026-09-17T10:05:59 IST" duration-ms="352" status="PASS">
          <reporter-output>
          </reporter-output>
        </test-method> <!-- tearDown -->
      </class> <!-- com.CarTrawlers.TestCases.LoginCarTrawlersTest -->
    </test> <!-- Default test -->
  </suite> <!-- Default suite -->
</testng-results>
