<?xml version="1.0" encoding="UTF-8"?>
<!-- Generated by org.testng.reporters.JUnitReportReporter -->
<testsuite hostname="DESKTOP-FET4NPH" failures="0" tests="1" name="com.CarTrawlers.TestCases.CarTrawlersAirIndiaPartnerTest" time="5.144" errors="0" timestamp="2026-09-16T07:26:55 IST" skipped="0">
  <testcase classname="com.CarTrawlers.TestCases.CarTrawlersAirIndiaPartnerTest" name="verifyAirIndiaPartnerPage" time="5.144"/>
</testsuite> <!-- com.CarTrawlers.TestCases.CarTrawlersAirIndiaPartnerTest -->
